AnYu-UniPlugin/app/build/intermediates/manifest_merge_blame_file/release/manifest-merger-blame-release-report.txt
1<?xml version="1.0" encoding="utf-8"?>
2<manifest xmlns:android="http://schemas.android.com/apk/res/android"
3    package="com.android.CallTransfer"
4    android:versionCode="2"
5    android:versionName="1.0.1" >
6
7    <uses-sdk
8        android:minSdkVersion="21"
8-->src\main\AndroidManifest.xml
9        android:targetSdkVersion="28" />
9-->src\main\AndroidManifest.xml
10
11    <supports-screens
11-->src\main\AndroidManifest.xml:6:5-11:39
12        android:anyDensity="true"
12-->src\main\AndroidManifest.xml:7:9-34
13        android:largeScreens="true"
13-->src\main\AndroidManifest.xml:8:9-36
14        android:normalScreens="true"
14-->src\main\AndroidManifest.xml:9:9-37
15        android:resizeable="true"
15-->src\main\AndroidManifest.xml:10:9-34
16        android:smallScreens="true" />
16-->src\main\AndroidManifest.xml:11:9-36
17
18    <!-- Barcode(二维码)  begin -->
19    <uses-permission android:name="android.permission.CAMERA" />
19-->src\main\AndroidManifest.xml:14:5-65
19-->src\main\AndroidManifest.xml:14:22-62
20    <uses-permission android:name="android.permission.WRITE_EXTERNAL_STORAGE" />
20-->src\main\AndroidManifest.xml:15:5-81
20-->src\main\AndroidManifest.xml:15:22-78
21
22    <uses-feature android:name="android.hardware.camera" />
22-->src\main\AndroidManifest.xml:17:5-60
22-->src\main\AndroidManifest.xml:17:19-57
23    <uses-feature android:name="android.hardware.camera.autofocus" />
23-->src\main\AndroidManifest.xml:18:5-70
23-->src\main\AndroidManifest.xml:18:19-67
24
25    <uses-permission android:name="android.permission.VIBRATE" />
25-->src\main\AndroidManifest.xml:20:5-66
25-->src\main\AndroidManifest.xml:20:22-63
26    <uses-permission android:name="android.permission.FLASHLIGHT" />
26-->src\main\AndroidManifest.xml:21:5-69
26-->src\main\AndroidManifest.xml:21:22-66
27
28    <!-- 适配android 13 图片选择权限 -->
29    <uses-permission android:name="android.permission.READ_MEDIA_IMAGES" />
29-->[lib.5plus.base-release.aar] AndroidManifest.xml:17:5-76
29-->[lib.5plus.base-release.aar] AndroidManifest.xml:17:22-73
30    <uses-permission android:name="android.permission.READ_MEDIA_VIDEO" />
30-->[lib.5plus.base-release.aar] AndroidManifest.xml:18:5-75
30-->[lib.5plus.base-release.aar] AndroidManifest.xml:18:22-72
31    <uses-permission android:name="android.permission.READ_MEDIA_VISUAL_USER_SELECTED" />
31-->[lib.5plus.base-release.aar] AndroidManifest.xml:19:5-90
31-->[lib.5plus.base-release.aar] AndroidManifest.xml:19:22-87
32    <uses-permission android:name="android.permission.INTERNET" />
32-->[lib.5plus.base-release.aar] AndroidManifest.xml:20:5-67
32-->[lib.5plus.base-release.aar] AndroidManifest.xml:20:22-64
33    <uses-permission android:name="android.permission.ACCESS_NETWORK_STATE" />
33-->[lib.5plus.base-release.aar] AndroidManifest.xml:21:5-79
33-->[lib.5plus.base-release.aar] AndroidManifest.xml:21:22-76
34    <!--
35    <uses-permission
36        android:name="com.android.launcher.permission.UNINSTALL_SHORTCUT" />
37    -->
38    <!-- 华为修改角标需要设置权限 -->
39    <uses-permission android:name="com.huawei.android.launcher.permission.CHANGE_BADGE" /> <!-- vivo 修改角标需要设置权限 -->
39-->[lib.5plus.base-release.aar] AndroidManifest.xml:27:5-91
39-->[lib.5plus.base-release.aar] AndroidManifest.xml:27:22-88
40    <uses-permission android:name="com.vivo.notification.permission.BADGE_ICON" />
40-->[lib.5plus.base-release.aar] AndroidManifest.xml:29:5-83
40-->[lib.5plus.base-release.aar] AndroidManifest.xml:29:22-80
41
42    <queries>
42-->[lib.5plus.base-release.aar] AndroidManifest.xml:31:5-40:15
43        <intent>
43-->[lib.5plus.base-release.aar] AndroidManifest.xml:32:9-34:18
44            <action android:name="android.intent.action.MAIN" />
44-->src\main\AndroidManifest.xml:52:17-68
44-->src\main\AndroidManifest.xml:52:25-66
45        </intent>
46        <intent>
46-->[lib.5plus.base-release.aar] AndroidManifest.xml:35:9-39:18
47            <action android:name="android.intent.action.VIEW" />
47-->src\main\AndroidManifest.xml:41:17-68
47-->src\main\AndroidManifest.xml:41:25-66
48
49            <category android:name="android.intent.category.DEFAULT" />
49-->src\main\AndroidManifest.xml:43:17-75
49-->src\main\AndroidManifest.xml:43:27-73
50        </intent>
51    </queries>
52
53    <uses-permission android:name="android.permission.READ_EXTERNAL_STORAGE" />
54    <uses-permission android:name="com.asus.msa.SupplementaryDID.ACCESS" />
54-->[oaid_sdk_1.0.25.aar] AndroidManifest.xml:13:5-76
54-->[oaid_sdk_1.0.25.aar] AndroidManifest.xml:13:22-73
55    <uses-permission android:name="freemme.permission.msa" />
55-->[oaid_sdk_1.0.25.aar] AndroidManifest.xml:15:5-62
55-->[oaid_sdk_1.0.25.aar] AndroidManifest.xml:15:22-59
56
57    <permission
57-->[androidx.core:core:1.9.0] AndroidManifest.xml:22:5-24:47
58        android:name="com.android.CallTransfer.DYNAMIC_RECEIVER_NOT_EXPORTED_PERMISSION"
58-->[androidx.core:core:1.9.0] AndroidManifest.xml:23:9-81
59        android:protectionLevel="signature" />
59-->[androidx.core:core:1.9.0] AndroidManifest.xml:24:9-44
60
61    <uses-permission android:name="com.android.CallTransfer.DYNAMIC_RECEIVER_NOT_EXPORTED_PERMISSION" />
61-->[androidx.core:core:1.9.0] AndroidManifest.xml:26:5-97
61-->[androidx.core:core:1.9.0] AndroidManifest.xml:26:22-94
62    <uses-permission android:name="android.permission.CALL_PHONE" />
62-->[:callforwarding] AndroidManifest.xml:9:5-69
62-->[:callforwarding] AndroidManifest.xml:9:22-66
63    <uses-permission android:name="android.permission.READ_PHONE_STATE" />
63-->[:callforwarding] AndroidManifest.xml:10:5-75
63-->[:callforwarding] AndroidManifest.xml:10:22-72
64    <uses-permission android:name="android.permission.READ_CALL_LOG" />
64-->[:callforwarding] AndroidManifest.xml:11:5-72
64-->[:callforwarding] AndroidManifest.xml:11:22-69
65    <uses-permission android:name="android.permission.READ_SMS" />
65-->[:callforwarding] AndroidManifest.xml:12:5-67
65-->[:callforwarding] AndroidManifest.xml:12:22-64
66    <uses-permission android:name="android.permission.READ_PHONE_STATE" />
66-->[:callforwarding] AndroidManifest.xml:10:5-75
66-->[:callforwarding] AndroidManifest.xml:10:22-72
67    <uses-permission android:name="android.permission.READ_PHONE_NUMBERS" />
67-->[:callforwarding] AndroidManifest.xml:14:5-77
67-->[:callforwarding] AndroidManifest.xml:14:22-74
68    <uses-permission android:name="android.permission.CALL_SCREENING_SERVICE" /> <!-- Barcode(二维码)  end -->
68-->[:callforwarding] AndroidManifest.xml:15:5-81
68-->[:callforwarding] AndroidManifest.xml:15:22-78
69    <application
69-->src\main\AndroidManifest.xml:24:5-87:19
70        android:name="io.dcloud.application.DCloudApplication"
70-->src\main\AndroidManifest.xml:25:9-63
71        android:allowClearUserData="true"
71-->src\main\AndroidManifest.xml:26:9-42
72        android:appComponentFactory="androidx.core.app.CoreComponentFactory"
72-->[androidx.core:core:1.9.0] AndroidManifest.xml:28:18-86
73        android:extractNativeLibs="true"
73-->[uniapp-v8-release.aar] AndroidManifest.xml:29:18-50
74        android:icon="@drawable/icon"
74-->src\main\AndroidManifest.xml:27:9-38
75        android:label="@string/app_name"
75-->src\main\AndroidManifest.xml:28:9-41
76        android:largeHeap="true"
76-->src\main\AndroidManifest.xml:29:9-33
77        android:supportsRtl="true"
77-->src\main\AndroidManifest.xml:30:9-35
78        android:usesCleartextTraffic="true" >
78-->[lib.5plus.base-release.aar] AndroidManifest.xml:175:9-44
79
80        <!-- 应用入口 -->
81        <activity
81-->src\main\AndroidManifest.xml:33:9-55:20
82            android:name="io.dcloud.PandoraEntry"
82-->src\main\AndroidManifest.xml:34:13-50
83            android:configChanges="orientation|keyboardHidden|screenSize|mcc|mnc|fontScale"
83-->src\main\AndroidManifest.xml:36:13-92
84            android:hardwareAccelerated="true"
84-->src\main\AndroidManifest.xml:37:13-47
85            android:theme="@style/TranslucentTheme"
85-->src\main\AndroidManifest.xml:35:13-52
86            android:windowSoftInputMode="adjustResize" >
86-->src\main\AndroidManifest.xml:38:13-55
87            <intent-filter>
87-->src\main\AndroidManifest.xml:39:13-45:29
88                <data android:scheme="hbuilder" />
88-->src\main\AndroidManifest.xml:40:17-50
88-->src\main\AndroidManifest.xml:40:23-48
89
90                <action android:name="android.intent.action.VIEW" />
90-->src\main\AndroidManifest.xml:41:17-68
90-->src\main\AndroidManifest.xml:41:25-66
91
92                <category android:name="android.intent.category.DEFAULT" />
92-->src\main\AndroidManifest.xml:43:17-75
92-->src\main\AndroidManifest.xml:43:27-73
93                <category android:name="android.intent.category.BROWSABLE" />
93-->src\main\AndroidManifest.xml:44:17-77
93-->src\main\AndroidManifest.xml:44:27-75
94            </intent-filter>
95            <intent-filter>
95-->src\main\AndroidManifest.xml:46:13-50:29
96                <data android:mimeType="image/*" />
96-->src\main\AndroidManifest.xml:40:17-50
96-->src\main\AndroidManifest.xml:47:23-49
97
98                <action android:name="android.intent.action.SEND" />
98-->src\main\AndroidManifest.xml:48:17-68
98-->src\main\AndroidManifest.xml:48:25-66
99
100                <category android:name="android.intent.category.DEFAULT" />
100-->src\main\AndroidManifest.xml:43:17-75
100-->src\main\AndroidManifest.xml:43:27-73
101            </intent-filter>
102            <intent-filter>
102-->src\main\AndroidManifest.xml:51:13-54:29
103                <action android:name="android.intent.action.MAIN" />
103-->src\main\AndroidManifest.xml:52:17-68
103-->src\main\AndroidManifest.xml:52:25-66
104
105                <category android:name="android.intent.category.LAUNCHER" />
105-->src\main\AndroidManifest.xml:53:17-76
105-->src\main\AndroidManifest.xml:53:27-74
106            </intent-filter>
107        </activity>
108
109        <meta-data
109-->src\main\AndroidManifest.xml:56:9-57:35
110            android:name="dcloud_uninview_background"
110-->src\main\AndroidManifest.xml:56:20-61
111            android:value="true" />
111-->src\main\AndroidManifest.xml:57:13-33
112
113        <activity
113-->src\main\AndroidManifest.xml:59:9-83:20
114            android:name="io.dcloud.PandoraEntryActivity"
114-->src\main\AndroidManifest.xml:60:13-58
115            android:configChanges="orientation|keyboardHidden|screenSize|mcc|mnc|fontScale|keyboard|smallestScreenSize|screenLayout|screenSize|uiMode"
115-->src\main\AndroidManifest.xml:62:13-151
116            android:hardwareAccelerated="true"
116-->src\main\AndroidManifest.xml:63:13-47
117            android:launchMode="singleTask"
117-->src\main\AndroidManifest.xml:61:13-44
118            android:permission="com.miui.securitycenter.permission.AppPermissionsEditor"
118-->src\main\AndroidManifest.xml:64:13-89
119            android:screenOrientation="user"
119-->src\main\AndroidManifest.xml:65:13-45
120            android:theme="@style/DCloudTheme"
120-->src\main\AndroidManifest.xml:66:13-47
121            android:windowSoftInputMode="adjustResize" >
121-->src\main\AndroidManifest.xml:67:13-55
122            <intent-filter>
122-->src\main\AndroidManifest.xml:69:13-82:29
123                <category android:name="android.intent.category.DEFAULT" />
123-->src\main\AndroidManifest.xml:43:17-75
123-->src\main\AndroidManifest.xml:43:27-73
124                <category android:name="android.intent.category.BROWSABLE" />
124-->src\main\AndroidManifest.xml:44:17-77
124-->src\main\AndroidManifest.xml:44:27-75
125
126                <action android:name="android.intent.action.VIEW" />
126-->src\main\AndroidManifest.xml:41:17-68
126-->src\main\AndroidManifest.xml:41:25-66
127
128                <data android:scheme=" " />
128-->src\main\AndroidManifest.xml:40:17-50
128-->src\main\AndroidManifest.xml:40:23-48
129            </intent-filter>
130        </activity>
131
132        <meta-data
132-->src\main\AndroidManifest.xml:84:9-86:64
133            android:name="dcloud_appkey"
133-->src\main\AndroidManifest.xml:85:13-41
134            android:value="a1878004de666726aed3590be72fe381" />
134-->src\main\AndroidManifest.xml:86:13-61
135        <!--
136        <activity
137            android:name="io.dcloud.imagepick.CustomGalleryActivity"
138            android:noHistory="true"
139            android:exported="false"/>
140        -->
141        <activity
141-->[lib.5plus.base-release.aar] AndroidManifest.xml:184:9-190:58
142            android:name="io.dcloud.feature.nativeObj.photoview.PhotoActivity"
142-->[lib.5plus.base-release.aar] AndroidManifest.xml:185:13-79
143            android:configChanges="orientation|keyboardHidden"
143-->[lib.5plus.base-release.aar] AndroidManifest.xml:186:13-63
144            android:exported="false"
144-->[lib.5plus.base-release.aar] AndroidManifest.xml:187:13-37
145            android:noHistory="false"
145-->[lib.5plus.base-release.aar] AndroidManifest.xml:188:13-38
146            android:screenOrientation="behind"
146-->[lib.5plus.base-release.aar] AndroidManifest.xml:189:13-47
147            android:theme="@style/DeviceDefault.Light" />
147-->[lib.5plus.base-release.aar] AndroidManifest.xml:190:13-55
148        <activity
148-->[lib.5plus.base-release.aar] AndroidManifest.xml:191:9-200:58
149            android:name="io.dcloud.WebAppActivity"
149-->[lib.5plus.base-release.aar] AndroidManifest.xml:192:13-52
150            android:configChanges="orientation|keyboard|keyboardHidden|smallestScreenSize|screenLayout|screenSize|mcc|mnc|fontScale|navigation"
150-->[lib.5plus.base-release.aar] AndroidManifest.xml:193:13-144
151            android:hardwareAccelerated="true"
151-->[lib.5plus.base-release.aar] AndroidManifest.xml:194:13-47
152            android:icon="@drawable/dcloud_recent"
152-->[lib.5plus.base-release.aar] AndroidManifest.xml:195:13-51
153            android:label="@string/stream_my"
153-->[lib.5plus.base-release.aar] AndroidManifest.xml:196:13-46
154            android:launchMode="singleTask"
154-->[lib.5plus.base-release.aar] AndroidManifest.xml:197:13-44
155            android:screenOrientation="portrait"
155-->[lib.5plus.base-release.aar] AndroidManifest.xml:198:13-49
156            android:theme="@style/DCloudTheme"
156-->[lib.5plus.base-release.aar] AndroidManifest.xml:199:13-47
157            android:windowSoftInputMode="adjustResize" />
157-->[lib.5plus.base-release.aar] AndroidManifest.xml:200:13-55
158        <activity
158-->[lib.5plus.base-release.aar] AndroidManifest.xml:201:9-205:75
159            android:name="io.dcloud.ProcessMediator"
159-->[lib.5plus.base-release.aar] AndroidManifest.xml:202:13-53
160            android:excludeFromRecents="true"
160-->[lib.5plus.base-release.aar] AndroidManifest.xml:203:13-46
161            android:exported="false"
161-->[lib.5plus.base-release.aar] AndroidManifest.xml:204:13-37
162            android:theme="@android:style/Theme.Translucent.NoTitleBar" />
162-->[lib.5plus.base-release.aar] AndroidManifest.xml:205:13-72
163        <activity
163-->[lib.5plus.base-release.aar] AndroidManifest.xml:206:9-212:20
164            android:name="io.dcloud.WebviewActivity"
164-->[lib.5plus.base-release.aar] AndroidManifest.xml:207:13-53
165            android:exported="false"
165-->[lib.5plus.base-release.aar] AndroidManifest.xml:208:13-37
166            android:screenOrientation="portrait"
166-->[lib.5plus.base-release.aar] AndroidManifest.xml:209:13-49
167            android:theme="@style/ThemeNoTitleBar"
167-->[lib.5plus.base-release.aar] AndroidManifest.xml:210:13-51
168            android:windowSoftInputMode="adjustPan" >
168-->[lib.5plus.base-release.aar] AndroidManifest.xml:211:13-52
169        </activity> <!-- gallery******start -->
170        <activity
170-->[lib.5plus.base-release.aar] AndroidManifest.xml:215:9-220:63
171            android:name="com.dmcbig.mediapicker.PickerActivity"
171-->[lib.5plus.base-release.aar] AndroidManifest.xml:216:13-65
172            android:configChanges="orientation|screenSize"
172-->[lib.5plus.base-release.aar] AndroidManifest.xml:217:13-59
173            android:exported="false"
173-->[lib.5plus.base-release.aar] AndroidManifest.xml:218:13-37
174            android:theme="@style/DeviceDefault.Light"
174-->[lib.5plus.base-release.aar] AndroidManifest.xml:219:13-55
175            android:windowSoftInputMode="stateAlwaysHidden" />
175-->[lib.5plus.base-release.aar] AndroidManifest.xml:220:13-60
176        <activity
176-->[lib.5plus.base-release.aar] AndroidManifest.xml:221:9-226:63
177            android:name="com.dmcbig.mediapicker.PreviewActivity"
177-->[lib.5plus.base-release.aar] AndroidManifest.xml:222:13-66
178            android:configChanges="orientation|screenSize"
178-->[lib.5plus.base-release.aar] AndroidManifest.xml:223:13-59
179            android:exported="false"
179-->[lib.5plus.base-release.aar] AndroidManifest.xml:224:13-37
180            android:theme="@style/DeviceDefault.Light"
180-->[lib.5plus.base-release.aar] AndroidManifest.xml:225:13-55
181            android:windowSoftInputMode="stateAlwaysHidden" /> <!-- gallery******end -->
181-->[lib.5plus.base-release.aar] AndroidManifest.xml:226:13-60
182        <provider
182-->[lib.5plus.base-release.aar] AndroidManifest.xml:229:9-237:20
183            android:name="io.dcloud.common.util.DCloud_FileProvider"
183-->[lib.5plus.base-release.aar] AndroidManifest.xml:230:13-69
184            android:authorities="com.android.CallTransfer.dc.fileprovider"
184-->[lib.5plus.base-release.aar] AndroidManifest.xml:231:13-67
185            android:exported="false"
185-->[lib.5plus.base-release.aar] AndroidManifest.xml:232:13-37
186            android:grantUriPermissions="true" >
186-->[lib.5plus.base-release.aar] AndroidManifest.xml:233:13-47
187            <meta-data
187-->[lib.5plus.base-release.aar] AndroidManifest.xml:234:13-236:64
188                android:name="android.support.FILE_PROVIDER_PATHS"
188-->[lib.5plus.base-release.aar] AndroidManifest.xml:235:17-67
189                android:resource="@xml/dcloud_file_provider" />
189-->[lib.5plus.base-release.aar] AndroidManifest.xml:236:17-61
190        </provider>
191        <!--
192            <meta-data
193            android:name="DCLOUD_STREAMAPP_CHANNEL"
194            android:value="io.dcloud.%APPID%|%APPID%|" />
195        -->
196        <meta-data
196-->[lib.5plus.base-release.aar] AndroidManifest.xml:244:9-246:35
197            android:name="android.max_aspect"
197-->[lib.5plus.base-release.aar] AndroidManifest.xml:245:13-46
198            android:value="2.4" />
198-->[lib.5plus.base-release.aar] AndroidManifest.xml:246:13-32
199
200        <activity
200-->[lib.5plus.base-release.aar] AndroidManifest.xml:248:9-253:63
201            android:name="io.dcloud.feature.gallery.imageedit.IMGEditActivity"
201-->[lib.5plus.base-release.aar] AndroidManifest.xml:249:13-79
202            android:configChanges="orientation|keyboardHidden|screenSize"
202-->[lib.5plus.base-release.aar] AndroidManifest.xml:250:13-74
203            android:exported="false"
203-->[lib.5plus.base-release.aar] AndroidManifest.xml:251:13-37
204            android:theme="@style/ImageEditTheme"
204-->[lib.5plus.base-release.aar] AndroidManifest.xml:252:13-50
205            android:windowSoftInputMode="stateAlwaysHidden" /> <!-- 广告相关配置开始 -->
205-->[lib.5plus.base-release.aar] AndroidManifest.xml:253:13-60
206        <activity
206-->[lib.5plus.base-release.aar] AndroidManifest.xml:256:9-261:55
207            android:name="io.dcloud.sdk.activity.WebViewActivity"
207-->[lib.5plus.base-release.aar] AndroidManifest.xml:257:13-66
208            android:exported="false"
208-->[lib.5plus.base-release.aar] AndroidManifest.xml:258:13-37
209            android:screenOrientation="portrait"
209-->[lib.5plus.base-release.aar] AndroidManifest.xml:259:13-49
210            android:theme="@style/ThemeNoTitleBar"
210-->[lib.5plus.base-release.aar] AndroidManifest.xml:260:13-51
211            android:windowSoftInputMode="adjustPan" />
211-->[lib.5plus.base-release.aar] AndroidManifest.xml:261:13-52
212
213        <service
213-->[lib.5plus.base-release.aar] AndroidManifest.xml:263:9-266:72
214            android:name="io.dcloud.sdk.base.service.DownloadService"
214-->[lib.5plus.base-release.aar] AndroidManifest.xml:264:13-70
215            android:exported="false"
215-->[lib.5plus.base-release.aar] AndroidManifest.xml:265:13-37
216            android:permission="android.permission.BIND_JOB_SERVICE" />
216-->[lib.5plus.base-release.aar] AndroidManifest.xml:266:13-69
217
218        <provider
218-->[lib.5plus.base-release.aar] AndroidManifest.xml:268:9-276:20
219            android:name="io.dcloud.sdk.base.service.provider.DCloudAdFileProvider"
219-->[lib.5plus.base-release.aar] AndroidManifest.xml:269:13-84
220            android:authorities="com.android.CallTransfer.dc.fileprovider"
220-->[lib.5plus.base-release.aar] AndroidManifest.xml:270:13-67
221            android:exported="false"
221-->[lib.5plus.base-release.aar] AndroidManifest.xml:271:13-37
222            android:grantUriPermissions="true" >
222-->[lib.5plus.base-release.aar] AndroidManifest.xml:272:13-47
223            <meta-data
223-->[lib.5plus.base-release.aar] AndroidManifest.xml:234:13-236:64
224                android:name="android.support.FILE_PROVIDER_PATHS"
224-->[lib.5plus.base-release.aar] AndroidManifest.xml:235:17-67
225                android:resource="@xml/dcloud_gg_file_provider" />
225-->[lib.5plus.base-release.aar] AndroidManifest.xml:236:17-61
226        </provider>
227
228        <receiver
228-->[uniapp-v8-release.aar] AndroidManifest.xml:30:9-34:20
229            android:name="com.taobao.weex.WXGlobalEventReceiver"
229-->[uniapp-v8-release.aar] AndroidManifest.xml:31:13-65
230            android:enabled="true"
230-->[uniapp-v8-release.aar] AndroidManifest.xml:32:13-35
231            android:exported="false" >
231-->[uniapp-v8-release.aar] AndroidManifest.xml:33:13-37
232        </receiver>
233
234        <provider
234-->[androidx.emoji2:emoji2:1.2.0] AndroidManifest.xml:24:9-32:20
235            android:name="androidx.startup.InitializationProvider"
235-->[androidx.emoji2:emoji2:1.2.0] AndroidManifest.xml:25:13-67
236            android:authorities="com.android.CallTransfer.androidx-startup"
236-->[androidx.emoji2:emoji2:1.2.0] AndroidManifest.xml:26:13-68
237            android:exported="false" >
237-->[androidx.emoji2:emoji2:1.2.0] AndroidManifest.xml:27:13-37
238            <meta-data
238-->[androidx.emoji2:emoji2:1.2.0] AndroidManifest.xml:29:13-31:52
239                android:name="androidx.emoji2.text.EmojiCompatInitializer"
239-->[androidx.emoji2:emoji2:1.2.0] AndroidManifest.xml:30:17-75
240                android:value="androidx.startup" />
240-->[androidx.emoji2:emoji2:1.2.0] AndroidManifest.xml:31:17-49
241            <meta-data
241-->[androidx.lifecycle:lifecycle-process:2.4.1] AndroidManifest.xml:31:13-33:52
242                android:name="androidx.lifecycle.ProcessLifecycleInitializer"
242-->[androidx.lifecycle:lifecycle-process:2.4.1] AndroidManifest.xml:32:17-78
243                android:value="androidx.startup" />
243-->[androidx.lifecycle:lifecycle-process:2.4.1] AndroidManifest.xml:33:17-49
244        </provider>
245    </application>
246
247</manifest>